2017-09-11 13:52:39.662  INFO 10224 --- [main] i.r.training.company.CompanyApplication  : Starting CompanyApplication on cgi-d28415 with PID 10224 (C:\Users\john.michels\Documents\GitHub\company-initial\build\classes\main started by john.michels in C:\Users\john.michels\Documents\GitHub\company-initial)
2017-09-11 13:52:39.666  INFO 10224 --- [main] i.r.training.company.CompanyApplication  : No active profile set, falling back to default profiles: default
2017-09-11 13:52:39.770  INFO 10224 --- [main] ationConfigEmbeddedWebApplicationContext : Refreshing org.springframework.boot.context.embedded.AnnotationConfigEmbeddedWebApplicationContext@cd1699: startup date [Mon Sep 11 13:52:39 PDT 2017]; root of context hierarchy
2017-09-11 13:52:41.614  INFO 10224 --- [main] trationDelegate$BeanPostProcessorChecker : Bean 'org.springframework.transaction.annotation.ProxyTransactionManagementConfiguration' of type [class org.springframework.transaction.annotation.ProxyTransactionManagementConfiguration$$EnhancerBySpringCGLIB$$92ae6e17] is not eligible for getting processed by all BeanPostProcessors (for example: not eligible for auto-proxying)
2017-09-11 13:52:43.161  INFO 10224 --- [main] s.b.c.e.t.TomcatEmbeddedServletContainer : Tomcat initialized with port(s): 8080 (http)
2017-09-11 13:52:43.194  INFO 10224 --- [main] o.apache.catalina.core.StandardService   : Starting service Tomcat
2017-09-11 13:52:43.195  INFO 10224 --- [main] org.apache.catalina.core.StandardEngine  : Starting Servlet Engine: Apache Tomcat/8.5.5
2017-09-11 13:52:45.058  INFO 10224 --- [localhost-startStop-1] o.a.c.c.C.[Tomcat].[localhost].[/]       : Initializing Spring embedded WebApplicationContext
2017-09-11 13:52:45.059  INFO 10224 --- [localhost-startStop-1] o.s.web.context.ContextLoader            : Root WebApplicationContext: initialization completed in 5323 ms
2017-09-11 13:52:45.235  INFO 10224 --- [localhost-startStop-1] o.s.b.w.servlet.ServletRegistrationBean  : Mapping servlet: 'dispatcherServlet' to [/]
2017-09-11 13:52:45.238  INFO 10224 --- [localhost-startStop-1] o.s.b.w.servlet.FilterRegistrationBean   : Mapping filter: 'characterEncodingFilter' to: [/*]
2017-09-11 13:52:45.239  INFO 10224 --- [localhost-startStop-1] o.s.b.w.servlet.FilterRegistrationBean   : Mapping filter: 'hiddenHttpMethodFilter' to: [/*]
2017-09-11 13:52:45.239  INFO 10224 --- [localhost-startStop-1] o.s.b.w.servlet.FilterRegistrationBean   : Mapping filter: 'httpPutFormContentFilter' to: [/*]
2017-09-11 13:52:45.239  INFO 10224 --- [localhost-startStop-1] o.s.b.w.servlet.FilterRegistrationBean   : Mapping filter: 'requestContextFilter' to: [/*]
2017-09-11 13:52:45.291  INFO 10224 --- [main] i.r.training.company.DataSourceConfig    : class io.rscale.training.company.DataSourceConfig$$EnhancerBySpringCGLIB$$29a326ba loaded
2017-09-11 13:52:45.318  INFO 10224 --- [main] i.r.training.company.DataSourceConfig    : Created datasource:  com.mysql.jdbc.jdbc2.optional.MysqlDataSource@c70b5e
2017-09-11 13:52:45.318  INFO 10224 --- [main] i.r.training.company.DataSourceConfig    : class io.rscale.training.company.DataSourceConfig$$EnhancerBySpringCGLIB$$29a326ba initialized
2017-09-11 13:52:45.462  INFO 10224 --- [main] j.LocalContainerEntityManagerFactoryBean : Building JPA container EntityManagerFactory for persistence unit 'default'
2017-09-11 13:52:45.523  INFO 10224 --- [main] o.hibernate.jpa.internal.util.LogHelper  : HHH000204: Processing PersistenceUnitInfo [
	name: default
	...]
2017-09-11 13:52:45.601  INFO 10224 --- [main] org.hibernate.Version                    : HHH000412: Hibernate Core {5.0.11.Final}
2017-09-11 13:52:45.602  INFO 10224 --- [main] org.hibernate.cfg.Environment            : HHH000206: hibernate.properties not found
2017-09-11 13:52:45.604  INFO 10224 --- [main] org.hibernate.cfg.Environment            : HHH000021: Bytecode provider name : javassist
2017-09-11 13:52:45.754  INFO 10224 --- [main] o.hibernate.annotations.common.Version   : HCANN000001: Hibernate Commons Annotations {5.0.1.Final}
2017-09-11 13:52:48.198  WARN 10224 --- [main] o.h.e.j.e.i.JdbcEnvironmentInitiator     : HHH000342: Could not obtain connection to query metadata : Communications link failure

The last packet sent successfully to the server was 0 milliseconds ago. The driver has not received any packets from the server.
2017-09-11 13:52:48.216  INFO 10224 --- [main] org.hibernate.dialect.Dialect            : HHH000400: Using dialect: org.hibernate.dialect.MySQL5Dialect
2017-09-11 13:52:48.241  INFO 10224 --- [main] o.h.e.j.e.i.LobCreatorBuilderImpl        : HHH000422: Disabling contextual LOB creation as connection was null
2017-09-11 13:52:48.626  INFO 10224 --- [main] org.hibernate.tool.hbm2ddl.SchemaUpdate  : HHH000228: Running hbm2ddl schema update
2017-09-11 13:52:50.636  WARN 10224 --- [main] ationConfigEmbeddedWebApplicationContext : Exception encountered during context initialization - cancelling refresh attempt: org.springframework.beans.factory.BeanCreationException: Error creating bean with name 'entityManagerFactory' defined in class path resource [org/springframework/boot/autoconfigure/orm/jpa/HibernateJpaAutoConfiguration.class]: Invocation of init method failed; nested exception is javax.persistence.PersistenceException: [PersistenceUnit: default] Unable to build Hibernate SessionFactory
2017-09-11 13:52:50.657  INFO 10224 --- [main] o.apache.catalina.core.StandardService   : Stopping service Tomcat
2017-09-11 13:52:50.720  INFO 10224 --- [main] utoConfigurationReportLoggingInitializer : 

Error starting ApplicationContext. To display the auto-configuration report re-run your application with 'debug' enabled.
2017-09-11 13:52:50.725 ERROR 10224 --- [main] o.s.boot.SpringApplication               : Application startup failed

org.springframework.beans.factory.BeanCreationException: Error creating bean with name 'entityManagerFactory' defined in class path resource [org/springframework/boot/autoconfigure/orm/jpa/HibernateJpaAutoConfiguration.class]: Invocation of init method failed; nested exception is javax.persistence.PersistenceException: [PersistenceUnit: default] Unable to build Hibernate SessionFactory
	at org.springframework.beans.factory.support.AbstractAutowireCapableBeanFactory.initializeBean(AbstractAutowireCapableBeanFactory.java:1583)
	at org.springframework.beans.factory.support.AbstractAutowireCapableBeanFactory.doCreateBean(AbstractAutowireCapableBeanFactory.java:545)
	at org.springframework.beans.factory.support.AbstractAutowireCapableBeanFactory.createBean(AbstractAutowireCapableBeanFactory.java:482)
	at org.springframework.beans.factory.support.AbstractBeanFactory$1.getObject(AbstractBeanFactory.java:306)
	at org.springframework.beans.factory.support.DefaultSingletonBeanRegistry.getSingleton(DefaultSingletonBeanRegistry.java:230)
	at org.springframework.beans.factory.support.AbstractBeanFactory.doGetBean(AbstractBeanFactory.java:302)
	at org.springframework.beans.factory.support.AbstractBeanFactory.getBean(AbstractBeanFactory.java:197)
	at org.springframework.context.support.AbstractApplicationContext.getBean(AbstractApplicationContext.java:1076)
	at org.springframework.context.support.AbstractApplicationContext.finishBeanFactoryInitialization(AbstractApplicationContext.java:851)
	at org.springframework.context.support.AbstractApplicationContext.refresh(AbstractApplicationContext.java:541)
	at org.springframework.boot.context.embedded.EmbeddedWebApplicationContext.refresh(EmbeddedWebApplicationContext.java:122)
	at org.springframework.boot.SpringApplication.refresh(SpringApplication.java:761)
	at org.springframework.boot.SpringApplication.refreshContext(SpringApplication.java:371)
	at org.springframework.boot.SpringApplication.run(SpringApplication.java:315)
	at org.springframework.boot.SpringApplication.run(SpringApplication.java:1186)
	at org.springframework.boot.SpringApplication.run(SpringApplication.java:1175)
	at io.rscale.training.company.CompanyApplication.main(CompanyApplication.java:10)
Caused by: javax.persistence.PersistenceException: [PersistenceUnit: default] Unable to build Hibernate SessionFactory
	at org.hibernate.jpa.boot.internal.EntityManagerFactoryBuilderImpl.persistenceException(EntityManagerFactoryBuilderImpl.java:954)
	at org.hibernate.jpa.boot.internal.EntityManagerFactoryBuilderImpl.build(EntityManagerFactoryBuilderImpl.java:882)
	at org.springframework.orm.jpa.vendor.SpringHibernateJpaPersistenceProvider.createContainerEntityManagerFactory(SpringHibernateJpaPersistenceProvider.java:60)
	at org.springframework.orm.jpa.LocalContainerEntityManagerFactoryBean.createNativeEntityManagerFactory(LocalContainerEntityManagerFactoryBean.java:353)
	at org.springframework.orm.jpa.AbstractEntityManagerFactoryBean.buildNativeEntityManagerFactory(AbstractEntityManagerFactoryBean.java:373)
	at org.springframework.orm.jpa.AbstractEntityManagerFactoryBean.afterPropertiesSet(AbstractEntityManagerFactoryBean.java:362)
	at org.springframework.beans.factory.support.AbstractAutowireCapableBeanFactory.invokeInitMethods(AbstractAutowireCapableBeanFactory.java:1642)
	at org.springframework.beans.factory.support.AbstractAutowireCapableBeanFactory.initializeBean(AbstractAutowireCapableBeanFactory.java:1579)
	... 16 common frames omitted
Caused by: org.hibernate.tool.schema.spi.SchemaManagementException: Unable to open JDBC connection for schema management target
	at org.hibernate.tool.schema.internal.TargetDatabaseImpl.prepare(TargetDatabaseImpl.java:42)
	at org.hibernate.tool.schema.internal.SchemaMigratorImpl.doMigration(SchemaMigratorImpl.java:57)
	at org.hibernate.tool.hbm2ddl.SchemaUpdate.execute(SchemaUpdate.java:134)
	at org.hibernate.tool.hbm2ddl.SchemaUpdate.execute(SchemaUpdate.java:101)
	at org.hibernate.internal.SessionFactoryImpl.<init>(SessionFactoryImpl.java:472)
	at org.hibernate.boot.internal.SessionFactoryBuilderImpl.build(SessionFactoryBuilderImpl.java:444)
	at org.hibernate.jpa.boot.internal.EntityManagerFactoryBuilderImpl.build(EntityManagerFactoryBuilderImpl.java:879)
	... 22 common frames omitted
Caused by: com.mysql.jdbc.exceptions.jdbc4.CommunicationsException: Communications link failure

The last packet sent successfully to the server was 0 milliseconds ago. The driver has not received any packets from the server.
	at sun.reflect.NativeConstructorAccessorImpl.newInstance0(Native Method)
	at sun.reflect.NativeConstructorAccessorImpl.newInstance(NativeConstructorAccessorImpl.java:62)
	at sun.reflect.DelegatingConstructorAccessorImpl.newInstance(DelegatingConstructorAccessorImpl.java:45)
	at java.lang.reflect.Constructor.newInstance(Constructor.java:423)
	at com.mysql.jdbc.Util.handleNewInstance(Util.java:404)
	at com.mysql.jdbc.SQLError.createCommunicationsException(SQLError.java:988)
	at com.mysql.jdbc.MysqlIO.<init>(MysqlIO.java:341)
	at com.mysql.jdbc.ConnectionImpl.coreConnect(ConnectionImpl.java:2251)
	at com.mysql.jdbc.ConnectionImpl.connectOneTryOnly(ConnectionImpl.java:2284)
	at com.mysql.jdbc.ConnectionImpl.createNewIO(ConnectionImpl.java:2083)
	at com.mysql.jdbc.ConnectionImpl.<init>(ConnectionImpl.java:806)
	at com.mysql.jdbc.JDBC4Connection.<init>(JDBC4Connection.java:47)
	at sun.reflect.NativeConstructorAccessorImpl.newInstance0(Native Method)
	at sun.reflect.NativeConstructorAccessorImpl.newInstance(NativeConstructorAccessorImpl.java:62)
	at sun.reflect.DelegatingConstructorAccessorImpl.newInstance(DelegatingConstructorAccessorImpl.java:45)
	at java.lang.reflect.Constructor.newInstance(Constructor.java:423)
	at com.mysql.jdbc.Util.handleNewInstance(Util.java:404)
	at com.mysql.jdbc.ConnectionImpl.getInstance(ConnectionImpl.java:410)
	at com.mysql.jdbc.NonRegisteringDriver.connect(NonRegisteringDriver.java:328)
	at com.mysql.jdbc.jdbc2.optional.MysqlDataSource.getConnection(MysqlDataSource.java:422)
	at com.mysql.jdbc.jdbc2.optional.MysqlDataSource.getConnection(MysqlDataSource.java:134)
	at com.mysql.jdbc.jdbc2.optional.MysqlDataSource.getConnection(MysqlDataSource.java:105)
	at org.hibernate.engine.jdbc.connections.internal.DatasourceConnectionProviderImpl.getConnection(DatasourceConnectionProviderImpl.java:122)
	at org.hibernate.engine.jdbc.env.internal.JdbcEnvironmentInitiator$ConnectionProviderJdbcConnectionAccess.obtainConnection(JdbcEnvironmentInitiator.java:180)
	at org.hibernate.tool.schema.internal.TargetDatabaseImpl.prepare(TargetDatabaseImpl.java:38)
	... 28 common frames omitted
Caused by: java.net.ConnectException: Connection refused: connect
	at java.net.DualStackPlainSocketImpl.connect0(Native Method)
	at java.net.DualStackPlainSocketImpl.socketConnect(DualStackPlainSocketImpl.java:79)
	at java.net.AbstractPlainSocketImpl.doConnect(AbstractPlainSocketImpl.java:350)
	at java.net.AbstractPlainSocketImpl.connectToAddress(AbstractPlainSocketImpl.java:206)
	at java.net.AbstractPlainSocketImpl.connect(AbstractPlainSocketImpl.java:188)
	at java.net.PlainSocketImpl.connect(PlainSocketImpl.java:172)
	at java.net.SocksSocketImpl.connect(SocksSocketImpl.java:392)
	at java.net.Socket.connect(Socket.java:589)
	at com.mysql.jdbc.StandardSocketFactory.connect(StandardSocketFactory.java:211)
	at com.mysql.jdbc.MysqlIO.<init>(MysqlIO.java:300)
	... 46 common frames omitted

2017-09-11 13:53:56.474  INFO 8872 --- [main] i.r.training.company.CompanyApplication  : Starting CompanyApplication on cgi-d28415 with PID 8872 (C:\Users\john.michels\Documents\GitHub\company-initial\build\classes\main started by john.michels in C:\Users\john.michels\Documents\GitHub\company-initial)
2017-09-11 13:53:56.478  INFO 8872 --- [main] i.r.training.company.CompanyApplication  : No active profile set, falling back to default profiles: default
2017-09-11 13:53:56.536  INFO 8872 --- [main] ationConfigEmbeddedWebApplicationContext : Refreshing org.springframework.boot.context.embedded.AnnotationConfigEmbeddedWebApplicationContext@cd1699: startup date [Mon Sep 11 13:53:56 PDT 2017]; root of context hierarchy
2017-09-11 13:53:58.119  INFO 8872 --- [main] trationDelegate$BeanPostProcessorChecker : Bean 'org.springframework.transaction.annotation.ProxyTransactionManagementConfiguration' of type [class org.springframework.transaction.annotation.ProxyTransactionManagementConfiguration$$EnhancerBySpringCGLIB$$3b62531] is not eligible for getting processed by all BeanPostProcessors (for example: not eligible for auto-proxying)
2017-09-11 13:53:58.873  INFO 8872 --- [main] s.b.c.e.t.TomcatEmbeddedServletContainer : Tomcat initialized with port(s): 8080 (http)
2017-09-11 13:53:58.884  INFO 8872 --- [main] o.apache.catalina.core.StandardService   : Starting service Tomcat
2017-09-11 13:53:58.885  INFO 8872 --- [main] org.apache.catalina.core.StandardEngine  : Starting Servlet Engine: Apache Tomcat/8.5.5
2017-09-11 13:53:59.075  INFO 8872 --- [localhost-startStop-1] o.a.c.c.C.[Tomcat].[localhost].[/]       : Initializing Spring embedded WebApplicationContext
2017-09-11 13:53:59.075  INFO 8872 --- [localhost-startStop-1] o.s.web.context.ContextLoader            : Root WebApplicationContext: initialization completed in 2543 ms
2017-09-11 13:53:59.246  INFO 8872 --- [localhost-startStop-1] o.s.b.w.servlet.ServletRegistrationBean  : Mapping servlet: 'dispatcherServlet' to [/]
2017-09-11 13:53:59.249  INFO 8872 --- [localhost-startStop-1] o.s.b.w.servlet.FilterRegistrationBean   : Mapping filter: 'characterEncodingFilter' to: [/*]
2017-09-11 13:53:59.250  INFO 8872 --- [localhost-startStop-1] o.s.b.w.servlet.FilterRegistrationBean   : Mapping filter: 'hiddenHttpMethodFilter' to: [/*]
2017-09-11 13:53:59.250  INFO 8872 --- [localhost-startStop-1] o.s.b.w.servlet.FilterRegistrationBean   : Mapping filter: 'httpPutFormContentFilter' to: [/*]
2017-09-11 13:53:59.250  INFO 8872 --- [localhost-startStop-1] o.s.b.w.servlet.FilterRegistrationBean   : Mapping filter: 'requestContextFilter' to: [/*]
2017-09-11 13:53:59.285  INFO 8872 --- [main] i.r.training.company.DataSourceConfig    : class io.rscale.training.company.DataSourceConfig$$EnhancerBySpringCGLIB$$9aaaddd4 loaded
2017-09-11 13:53:59.314  INFO 8872 --- [main] i.r.training.company.DataSourceConfig    : Created datasource:  com.mysql.jdbc.jdbc2.optional.MysqlDataSource@3bd45b
2017-09-11 13:53:59.315  INFO 8872 --- [main] i.r.training.company.DataSourceConfig    : class io.rscale.training.company.DataSourceConfig$$EnhancerBySpringCGLIB$$9aaaddd4 initialized
2017-09-11 13:53:59.509  INFO 8872 --- [main] j.LocalContainerEntityManagerFactoryBean : Building JPA container EntityManagerFactory for persistence unit 'default'
2017-09-11 13:53:59.525  INFO 8872 --- [main] o.hibernate.jpa.internal.util.LogHelper  : HHH000204: Processing PersistenceUnitInfo [
	name: default
	...]
2017-09-11 13:53:59.599  INFO 8872 --- [main] org.hibernate.Version                    : HHH000412: Hibernate Core {5.0.11.Final}
2017-09-11 13:53:59.600  INFO 8872 --- [main] org.hibernate.cfg.Environment            : HHH000206: hibernate.properties not found
2017-09-11 13:53:59.602  INFO 8872 --- [main] org.hibernate.cfg.Environment            : HHH000021: Bytecode provider name : javassist
2017-09-11 13:53:59.650  INFO 8872 --- [main] o.hibernate.annotations.common.Version   : HCANN000001: Hibernate Commons Annotations {5.0.1.Final}
2017-09-11 13:54:01.959  WARN 8872 --- [main] o.h.e.j.e.i.JdbcEnvironmentInitiator     : HHH000342: Could not obtain connection to query metadata : Communications link failure

The last packet sent successfully to the server was 0 milliseconds ago. The driver has not received any packets from the server.
2017-09-11 13:54:01.977  INFO 8872 --- [main] org.hibernate.dialect.Dialect            : HHH000400: Using dialect: org.hibernate.dialect.MySQL5Dialect
2017-09-11 13:54:01.994  INFO 8872 --- [main] o.h.e.j.e.i.LobCreatorBuilderImpl        : HHH000422: Disabling contextual LOB creation as connection was null
2017-09-11 13:54:02.393  INFO 8872 --- [main] org.hibernate.tool.hbm2ddl.SchemaUpdate  : HHH000228: Running hbm2ddl schema update
2017-09-11 13:54:04.403  WARN 8872 --- [main] ationConfigEmbeddedWebApplicationContext : Exception encountered during context initialization - cancelling refresh attempt: org.springframework.beans.factory.BeanCreationException: Error creating bean with name 'entityManagerFactory' defined in class path resource [org/springframework/boot/autoconfigure/orm/jpa/HibernateJpaAutoConfiguration.class]: Invocation of init method failed; nested exception is javax.persistence.PersistenceException: [PersistenceUnit: default] Unable to build Hibernate SessionFactory
2017-09-11 13:54:04.406  INFO 8872 --- [main] o.apache.catalina.core.StandardService   : Stopping service Tomcat
2017-09-11 13:54:04.415  INFO 8872 --- [main] utoConfigurationReportLoggingInitializer : 

Error starting ApplicationContext. To display the auto-configuration report re-run your application with 'debug' enabled.
2017-09-11 13:54:04.420 ERROR 8872 --- [main] o.s.boot.SpringApplication               : Application startup failed

org.springframework.beans.factory.BeanCreationException: Error creating bean with name 'entityManagerFactory' defined in class path resource [org/springframework/boot/autoconfigure/orm/jpa/HibernateJpaAutoConfiguration.class]: Invocation of init method failed; nested exception is javax.persistence.PersistenceException: [PersistenceUnit: default] Unable to build Hibernate SessionFactory
	at org.springframework.beans.factory.support.AbstractAutowireCapableBeanFactory.initializeBean(AbstractAutowireCapableBeanFactory.java:1583)
	at org.springframework.beans.factory.support.AbstractAutowireCapableBeanFactory.doCreateBean(AbstractAutowireCapableBeanFactory.java:545)
	at org.springframework.beans.factory.support.AbstractAutowireCapableBeanFactory.createBean(AbstractAutowireCapableBeanFactory.java:482)
	at org.springframework.beans.factory.support.AbstractBeanFactory$1.getObject(AbstractBeanFactory.java:306)
	at org.springframework.beans.factory.support.DefaultSingletonBeanRegistry.getSingleton(DefaultSingletonBeanRegistry.java:230)
	at org.springframework.beans.factory.support.AbstractBeanFactory.doGetBean(AbstractBeanFactory.java:302)
	at org.springframework.beans.factory.support.AbstractBeanFactory.getBean(AbstractBeanFactory.java:197)
	at org.springframework.context.support.AbstractApplicationContext.getBean(AbstractApplicationContext.java:1076)
	at org.springframework.context.support.AbstractApplicationContext.finishBeanFactoryInitialization(AbstractApplicationContext.java:851)
	at org.springframework.context.support.AbstractApplicationContext.refresh(AbstractApplicationContext.java:541)
	at org.springframework.boot.context.embedded.EmbeddedWebApplicationContext.refresh(EmbeddedWebApplicationContext.java:122)
	at org.springframework.boot.SpringApplication.refresh(SpringApplication.java:761)
	at org.springframework.boot.SpringApplication.refreshContext(SpringApplication.java:371)
	at org.springframework.boot.SpringApplication.run(SpringApplication.java:315)
	at org.springframework.boot.SpringApplication.run(SpringApplication.java:1186)
	at org.springframework.boot.SpringApplication.run(SpringApplication.java:1175)
	at io.rscale.training.company.CompanyApplication.main(CompanyApplication.java:10)
Caused by: javax.persistence.PersistenceException: [PersistenceUnit: default] Unable to build Hibernate SessionFactory
	at org.hibernate.jpa.boot.internal.EntityManagerFactoryBuilderImpl.persistenceException(EntityManagerFactoryBuilderImpl.java:954)
	at org.hibernate.jpa.boot.internal.EntityManagerFactoryBuilderImpl.build(EntityManagerFactoryBuilderImpl.java:882)
	at org.springframework.orm.jpa.vendor.SpringHibernateJpaPersistenceProvider.createContainerEntityManagerFactory(SpringHibernateJpaPersistenceProvider.java:60)
	at org.springframework.orm.jpa.LocalContainerEntityManagerFactoryBean.createNativeEntityManagerFactory(LocalContainerEntityManagerFactoryBean.java:353)
	at org.springframework.orm.jpa.AbstractEntityManagerFactoryBean.buildNativeEntityManagerFactory(AbstractEntityManagerFactoryBean.java:373)
	at org.springframework.orm.jpa.AbstractEntityManagerFactoryBean.afterPropertiesSet(AbstractEntityManagerFactoryBean.java:362)
	at org.springframework.beans.factory.support.AbstractAutowireCapableBeanFactory.invokeInitMethods(AbstractAutowireCapableBeanFactory.java:1642)
	at org.springframework.beans.factory.support.AbstractAutowireCapableBeanFactory.initializeBean(AbstractAutowireCapableBeanFactory.java:1579)
	... 16 common frames omitted
Caused by: org.hibernate.tool.schema.spi.SchemaManagementException: Unable to open JDBC connection for schema management target
	at org.hibernate.tool.schema.internal.TargetDatabaseImpl.prepare(TargetDatabaseImpl.java:42)
	at org.hibernate.tool.schema.internal.SchemaMigratorImpl.doMigration(SchemaMigratorImpl.java:57)
	at org.hibernate.tool.hbm2ddl.SchemaUpdate.execute(SchemaUpdate.java:134)
	at org.hibernate.tool.hbm2ddl.SchemaUpdate.execute(SchemaUpdate.java:101)
	at org.hibernate.internal.SessionFactoryImpl.<init>(SessionFactoryImpl.java:472)
	at org.hibernate.boot.internal.SessionFactoryBuilderImpl.build(SessionFactoryBuilderImpl.java:444)
	at org.hibernate.jpa.boot.internal.EntityManagerFactoryBuilderImpl.build(EntityManagerFactoryBuilderImpl.java:879)
	... 22 common frames omitted
Caused by: com.mysql.jdbc.exceptions.jdbc4.CommunicationsException: Communications link failure

The last packet sent successfully to the server was 0 milliseconds ago. The driver has not received any packets from the server.
	at sun.reflect.NativeConstructorAccessorImpl.newInstance0(Native Method)
	at sun.reflect.NativeConstructorAccessorImpl.newInstance(NativeConstructorAccessorImpl.java:62)
	at sun.reflect.DelegatingConstructorAccessorImpl.newInstance(DelegatingConstructorAccessorImpl.java:45)
	at java.lang.reflect.Constructor.newInstance(Constructor.java:423)
	at com.mysql.jdbc.Util.handleNewInstance(Util.java:404)
	at com.mysql.jdbc.SQLError.createCommunicationsException(SQLError.java:988)
	at com.mysql.jdbc.MysqlIO.<init>(MysqlIO.java:341)
	at com.mysql.jdbc.ConnectionImpl.coreConnect(ConnectionImpl.java:2251)
	at com.mysql.jdbc.ConnectionImpl.connectOneTryOnly(ConnectionImpl.java:2284)
	at com.mysql.jdbc.ConnectionImpl.createNewIO(ConnectionImpl.java:2083)
	at com.mysql.jdbc.ConnectionImpl.<init>(ConnectionImpl.java:806)
	at com.mysql.jdbc.JDBC4Connection.<init>(JDBC4Connection.java:47)
	at sun.reflect.NativeConstructorAccessorImpl.newInstance0(Native Method)
	at sun.reflect.NativeConstructorAccessorImpl.newInstance(NativeConstructorAccessorImpl.java:62)
	at sun.reflect.DelegatingConstructorAccessorImpl.newInstance(DelegatingConstructorAccessorImpl.java:45)
	at java.lang.reflect.Constructor.newInstance(Constructor.java:423)
	at com.mysql.jdbc.Util.handleNewInstance(Util.java:404)
	at com.mysql.jdbc.ConnectionImpl.getInstance(ConnectionImpl.java:410)
	at com.mysql.jdbc.NonRegisteringDriver.connect(NonRegisteringDriver.java:328)
	at com.mysql.jdbc.jdbc2.optional.MysqlDataSource.getConnection(MysqlDataSource.java:422)
	at com.mysql.jdbc.jdbc2.optional.MysqlDataSource.getConnection(MysqlDataSource.java:134)
	at com.mysql.jdbc.jdbc2.optional.MysqlDataSource.getConnection(MysqlDataSource.java:105)
	at org.hibernate.engine.jdbc.connections.internal.DatasourceConnectionProviderImpl.getConnection(DatasourceConnectionProviderImpl.java:122)
	at org.hibernate.engine.jdbc.env.internal.JdbcEnvironmentInitiator$ConnectionProviderJdbcConnectionAccess.obtainConnection(JdbcEnvironmentInitiator.java:180)
	at org.hibernate.tool.schema.internal.TargetDatabaseImpl.prepare(TargetDatabaseImpl.java:38)
	... 28 common frames omitted
Caused by: java.net.ConnectException: Connection refused: connect
	at java.net.DualStackPlainSocketImpl.connect0(Native Method)
	at java.net.DualStackPlainSocketImpl.socketConnect(DualStackPlainSocketImpl.java:79)
	at java.net.AbstractPlainSocketImpl.doConnect(AbstractPlainSocketImpl.java:350)
	at java.net.AbstractPlainSocketImpl.connectToAddress(AbstractPlainSocketImpl.java:206)
	at java.net.AbstractPlainSocketImpl.connect(AbstractPlainSocketImpl.java:188)
	at java.net.PlainSocketImpl.connect(PlainSocketImpl.java:172)
	at java.net.SocksSocketImpl.connect(SocksSocketImpl.java:392)
	at java.net.Socket.connect(Socket.java:589)
	at com.mysql.jdbc.StandardSocketFactory.connect(StandardSocketFactory.java:211)
	at com.mysql.jdbc.MysqlIO.<init>(MysqlIO.java:300)
	... 46 common frames omitted

2017-09-11 13:58:50.728  INFO 8676 --- [main] i.r.training.company.CompanyApplication  : Starting CompanyApplication on cgi-d28415 with PID 8676 (C:\Users\john.michels\Documents\GitHub\company-initial\build\classes\main started by john.michels in C:\Users\john.michels\Documents\GitHub\company-initial)
2017-09-11 13:58:50.733  INFO 8676 --- [main] i.r.training.company.CompanyApplication  : No active profile set, falling back to default profiles: default
2017-09-11 13:58:50.800  INFO 8676 --- [main] ationConfigEmbeddedWebApplicationContext : Refreshing org.springframework.boot.context.embedded.AnnotationConfigEmbeddedWebApplicationContext@cd1699: startup date [Mon Sep 11 13:58:50 PDT 2017]; root of context hierarchy
2017-09-11 13:58:52.477  INFO 8676 --- [main] trationDelegate$BeanPostProcessorChecker : Bean 'org.springframework.transaction.annotation.ProxyTransactionManagementConfiguration' of type [class org.springframework.transaction.annotation.ProxyTransactionManagementConfiguration$$EnhancerBySpringCGLIB$$3b62531] is not eligible for getting processed by all BeanPostProcessors (for example: not eligible for auto-proxying)
2017-09-11 13:58:53.149  INFO 8676 --- [main] s.b.c.e.t.TomcatEmbeddedServletContainer : Tomcat initialized with port(s): 8080 (http)
2017-09-11 13:58:53.159  INFO 8676 --- [main] o.apache.catalina.core.StandardService   : Starting service Tomcat
2017-09-11 13:58:53.160  INFO 8676 --- [main] org.apache.catalina.core.StandardEngine  : Starting Servlet Engine: Apache Tomcat/8.5.5
2017-09-11 13:58:53.293  INFO 8676 --- [localhost-startStop-1] o.a.c.c.C.[Tomcat].[localhost].[/]       : Initializing Spring embedded WebApplicationContext
2017-09-11 13:58:53.294  INFO 8676 --- [localhost-startStop-1] o.s.web.context.ContextLoader            : Root WebApplicationContext: initialization completed in 2498 ms
2017-09-11 13:58:53.448  INFO 8676 --- [localhost-startStop-1] o.s.b.w.servlet.ServletRegistrationBean  : Mapping servlet: 'dispatcherServlet' to [/]
2017-09-11 13:58:53.451  INFO 8676 --- [localhost-startStop-1] o.s.b.w.servlet.FilterRegistrationBean   : Mapping filter: 'characterEncodingFilter' to: [/*]
2017-09-11 13:58:53.452  INFO 8676 --- [localhost-startStop-1] o.s.b.w.servlet.FilterRegistrationBean   : Mapping filter: 'hiddenHttpMethodFilter' to: [/*]
2017-09-11 13:58:53.452  INFO 8676 --- [localhost-startStop-1] o.s.b.w.servlet.FilterRegistrationBean   : Mapping filter: 'httpPutFormContentFilter' to: [/*]
2017-09-11 13:58:53.453  INFO 8676 --- [localhost-startStop-1] o.s.b.w.servlet.FilterRegistrationBean   : Mapping filter: 'requestContextFilter' to: [/*]
2017-09-11 13:58:53.488  INFO 8676 --- [main] i.r.training.company.DataSourceConfig    : class io.rscale.training.company.DataSourceConfig$$EnhancerBySpringCGLIB$$9aaaddd4 loaded
2017-09-11 13:58:53.513  INFO 8676 --- [main] i.r.training.company.DataSourceConfig    : Created datasource:  com.mysql.jdbc.jdbc2.optional.MysqlDataSource@3bd45b
2017-09-11 13:58:53.513  INFO 8676 --- [main] i.r.training.company.DataSourceConfig    : class io.rscale.training.company.DataSourceConfig$$EnhancerBySpringCGLIB$$9aaaddd4 initialized
2017-09-11 13:58:53.706  INFO 8676 --- [main] j.LocalContainerEntityManagerFactoryBean : Building JPA container EntityManagerFactory for persistence unit 'default'
2017-09-11 13:58:53.722  INFO 8676 --- [main] o.hibernate.jpa.internal.util.LogHelper  : HHH000204: Processing PersistenceUnitInfo [
	name: default
	...]
2017-09-11 13:58:53.796  INFO 8676 --- [main] org.hibernate.Version                    : HHH000412: Hibernate Core {5.0.11.Final}
2017-09-11 13:58:53.797  INFO 8676 --- [main] org.hibernate.cfg.Environment            : HHH000206: hibernate.properties not found
2017-09-11 13:58:53.799  INFO 8676 --- [main] org.hibernate.cfg.Environment            : HHH000021: Bytecode provider name : javassist
2017-09-11 13:58:53.848  INFO 8676 --- [main] o.hibernate.annotations.common.Version   : HCANN000001: Hibernate Commons Annotations {5.0.1.Final}
2017-09-11 13:58:56.150  WARN 8676 --- [main] o.h.e.j.e.i.JdbcEnvironmentInitiator     : HHH000342: Could not obtain connection to query metadata : Communications link failure

The last packet sent successfully to the server was 0 milliseconds ago. The driver has not received any packets from the server.
2017-09-11 13:58:56.166  INFO 8676 --- [main] org.hibernate.dialect.Dialect            : HHH000400: Using dialect: org.hibernate.dialect.MySQL5Dialect
2017-09-11 13:58:56.189  INFO 8676 --- [main] o.h.e.j.e.i.LobCreatorBuilderImpl        : HHH000422: Disabling contextual LOB creation as connection was null
2017-09-11 13:58:56.578  INFO 8676 --- [main] org.hibernate.tool.hbm2ddl.SchemaUpdate  : HHH000228: Running hbm2ddl schema update
2017-09-11 13:58:58.584  WARN 8676 --- [main] ationConfigEmbeddedWebApplicationContext : Exception encountered during context initialization - cancelling refresh attempt: org.springframework.beans.factory.BeanCreationException: Error creating bean with name 'entityManagerFactory' defined in class path resource [org/springframework/boot/autoconfigure/orm/jpa/HibernateJpaAutoConfiguration.class]: Invocation of init method failed; nested exception is javax.persistence.PersistenceException: [PersistenceUnit: default] Unable to build Hibernate SessionFactory
2017-09-11 13:58:58.587  INFO 8676 --- [main] o.apache.catalina.core.StandardService   : Stopping service Tomcat
2017-09-11 13:58:58.606  INFO 8676 --- [main] utoConfigurationReportLoggingInitializer : 

Error starting ApplicationContext. To display the auto-configuration report re-run your application with 'debug' enabled.
2017-09-11 13:58:58.615 ERROR 8676 --- [main] o.s.boot.SpringApplication               : Application startup failed

org.springframework.beans.factory.BeanCreationException: Error creating bean with name 'entityManagerFactory' defined in class path resource [org/springframework/boot/autoconfigure/orm/jpa/HibernateJpaAutoConfiguration.class]: Invocation of init method failed; nested exception is javax.persistence.PersistenceException: [PersistenceUnit: default] Unable to build Hibernate SessionFactory
	at org.springframework.beans.factory.support.AbstractAutowireCapableBeanFactory.initializeBean(AbstractAutowireCapableBeanFactory.java:1583)
	at org.springframework.beans.factory.support.AbstractAutowireCapableBeanFactory.doCreateBean(AbstractAutowireCapableBeanFactory.java:545)
	at org.springframework.beans.factory.support.AbstractAutowireCapableBeanFactory.createBean(AbstractAutowireCapableBeanFactory.java:482)
	at org.springframework.beans.factory.support.AbstractBeanFactory$1.getObject(AbstractBeanFactory.java:306)
	at org.springframework.beans.factory.support.DefaultSingletonBeanRegistry.getSingleton(DefaultSingletonBeanRegistry.java:230)
	at org.springframework.beans.factory.support.AbstractBeanFactory.doGetBean(AbstractBeanFactory.java:302)
	at org.springframework.beans.factory.support.AbstractBeanFactory.getBean(AbstractBeanFactory.java:197)
	at org.springframework.context.support.AbstractApplicationContext.getBean(AbstractApplicationContext.java:1076)
	at org.springframework.context.support.AbstractApplicationContext.finishBeanFactoryInitialization(AbstractApplicationContext.java:851)
	at org.springframework.context.support.AbstractApplicationContext.refresh(AbstractApplicationContext.java:541)
	at org.springframework.boot.context.embedded.EmbeddedWebApplicationContext.refresh(EmbeddedWebApplicationContext.java:122)
	at org.springframework.boot.SpringApplication.refresh(SpringApplication.java:761)
	at org.springframework.boot.SpringApplication.refreshContext(SpringApplication.java:371)
	at org.springframework.boot.SpringApplication.run(SpringApplication.java:315)
	at org.springframework.boot.SpringApplication.run(SpringApplication.java:1186)
	at org.springframework.boot.SpringApplication.run(SpringApplication.java:1175)
	at io.rscale.training.company.CompanyApplication.main(CompanyApplication.java:11)
Caused by: javax.persistence.PersistenceException: [PersistenceUnit: default] Unable to build Hibernate SessionFactory
	at org.hibernate.jpa.boot.internal.EntityManagerFactoryBuilderImpl.persistenceException(EntityManagerFactoryBuilderImpl.java:954)
	at org.hibernate.jpa.boot.internal.EntityManagerFactoryBuilderImpl.build(EntityManagerFactoryBuilderImpl.java:882)
	at org.springframework.orm.jpa.vendor.SpringHibernateJpaPersistenceProvider.createContainerEntityManagerFactory(SpringHibernateJpaPersistenceProvider.java:60)
	at org.springframework.orm.jpa.LocalContainerEntityManagerFactoryBean.createNativeEntityManagerFactory(LocalContainerEntityManagerFactoryBean.java:353)
	at org.springframework.orm.jpa.AbstractEntityManagerFactoryBean.buildNativeEntityManagerFactory(AbstractEntityManagerFactoryBean.java:373)
	at org.springframework.orm.jpa.AbstractEntityManagerFactoryBean.afterPropertiesSet(AbstractEntityManagerFactoryBean.java:362)
	at org.springframework.beans.factory.support.AbstractAutowireCapableBeanFactory.invokeInitMethods(AbstractAutowireCapableBeanFactory.java:1642)
	at org.springframework.beans.factory.support.AbstractAutowireCapableBeanFactory.initializeBean(AbstractAutowireCapableBeanFactory.java:1579)
	... 16 common frames omitted
Caused by: org.hibernate.tool.schema.spi.SchemaManagementException: Unable to open JDBC connection for schema management target
	at org.hibernate.tool.schema.internal.TargetDatabaseImpl.prepare(TargetDatabaseImpl.java:42)
	at org.hibernate.tool.schema.internal.SchemaMigratorImpl.doMigration(SchemaMigratorImpl.java:57)
	at org.hibernate.tool.hbm2ddl.SchemaUpdate.execute(SchemaUpdate.java:134)
	at org.hibernate.tool.hbm2ddl.SchemaUpdate.execute(SchemaUpdate.java:101)
	at org.hibernate.internal.SessionFactoryImpl.<init>(SessionFactoryImpl.java:472)
	at org.hibernate.boot.internal.SessionFactoryBuilderImpl.build(SessionFactoryBuilderImpl.java:444)
	at org.hibernate.jpa.boot.internal.EntityManagerFactoryBuilderImpl.build(EntityManagerFactoryBuilderImpl.java:879)
	... 22 common frames omitted
Caused by: com.mysql.jdbc.exceptions.jdbc4.CommunicationsException: Communications link failure

The last packet sent successfully to the server was 0 milliseconds ago. The driver has not received any packets from the server.
	at sun.reflect.NativeConstructorAccessorImpl.newInstance0(Native Method)
	at sun.reflect.NativeConstructorAccessorImpl.newInstance(NativeConstructorAccessorImpl.java:62)
	at sun.reflect.DelegatingConstructorAccessorImpl.newInstance(DelegatingConstructorAccessorImpl.java:45)
	at java.lang.reflect.Constructor.newInstance(Constructor.java:423)
	at com.mysql.jdbc.Util.handleNewInstance(Util.java:404)
	at com.mysql.jdbc.SQLError.createCommunicationsException(SQLError.java:988)
	at com.mysql.jdbc.MysqlIO.<init>(MysqlIO.java:341)
	at com.mysql.jdbc.ConnectionImpl.coreConnect(ConnectionImpl.java:2251)
	at com.mysql.jdbc.ConnectionImpl.connectOneTryOnly(ConnectionImpl.java:2284)
	at com.mysql.jdbc.ConnectionImpl.createNewIO(ConnectionImpl.java:2083)
	at com.mysql.jdbc.ConnectionImpl.<init>(ConnectionImpl.java:806)
	at com.mysql.jdbc.JDBC4Connection.<init>(JDBC4Connection.java:47)
	at sun.reflect.NativeConstructorAccessorImpl.newInstance0(Native Method)
	at sun.reflect.NativeConstructorAccessorImpl.newInstance(NativeConstructorAccessorImpl.java:62)
	at sun.reflect.DelegatingConstructorAccessorImpl.newInstance(DelegatingConstructorAccessorImpl.java:45)
	at java.lang.reflect.Constructor.newInstance(Constructor.java:423)
	at com.mysql.jdbc.Util.handleNewInstance(Util.java:404)
	at com.mysql.jdbc.ConnectionImpl.getInstance(ConnectionImpl.java:410)
	at com.mysql.jdbc.NonRegisteringDriver.connect(NonRegisteringDriver.java:328)
	at com.mysql.jdbc.jdbc2.optional.MysqlDataSource.getConnection(MysqlDataSource.java:422)
	at com.mysql.jdbc.jdbc2.optional.MysqlDataSource.getConnection(MysqlDataSource.java:134)
	at com.mysql.jdbc.jdbc2.optional.MysqlDataSource.getConnection(MysqlDataSource.java:105)
	at org.hibernate.engine.jdbc.connections.internal.DatasourceConnectionProviderImpl.getConnection(DatasourceConnectionProviderImpl.java:122)
	at org.hibernate.engine.jdbc.env.internal.JdbcEnvironmentInitiator$ConnectionProviderJdbcConnectionAccess.obtainConnection(JdbcEnvironmentInitiator.java:180)
	at org.hibernate.tool.schema.internal.TargetDatabaseImpl.prepare(TargetDatabaseImpl.java:38)
	... 28 common frames omitted
Caused by: java.net.ConnectException: Connection refused: connect
	at java.net.DualStackPlainSocketImpl.connect0(Native Method)
	at java.net.DualStackPlainSocketImpl.socketConnect(DualStackPlainSocketImpl.java:79)
	at java.net.AbstractPlainSocketImpl.doConnect(AbstractPlainSocketImpl.java:350)
	at java.net.AbstractPlainSocketImpl.connectToAddress(AbstractPlainSocketImpl.java:206)
	at java.net.AbstractPlainSocketImpl.connect(AbstractPlainSocketImpl.java:188)
	at java.net.PlainSocketImpl.connect(PlainSocketImpl.java:172)
	at java.net.SocksSocketImpl.connect(SocksSocketImpl.java:392)
	at java.net.Socket.connect(Socket.java:589)
	at com.mysql.jdbc.StandardSocketFactory.connect(StandardSocketFactory.java:211)
	at com.mysql.jdbc.MysqlIO.<init>(MysqlIO.java:300)
	... 46 common frames omitted

